\BOOKMARK [0][-]{chapter.1}{\376\377\000\332\000v\000o\000d}{}% 1
\BOOKMARK [0][-]{chapter.2}{\376\377\000K\000o\000n\000k\000u\000r\000e\000n\001\015\000n\000\355\000\040\000n\000\341\000s\000t\000r\000o\000j\000e}{}% 2
\BOOKMARK [1][-]{section.2.1}{\376\377\000U\000m\000b\000r\000e\000l\000l\000o}{chapter.2}% 3
\BOOKMARK [2][-]{subsection.2.1.1}{\376\377\000M\000o\000t\000i\000v\000a\000c\000e}{section.2.1}% 4
\BOOKMARK [2][-]{subsection.2.1.2}{\376\377\000P\000o\000p\000i\000s\000\040\000a\000p\000l\000i\000k\000a\000c\000e}{section.2.1}% 5
\BOOKMARK [2][-]{subsection.2.1.3}{\376\377\000V\000\375\000h\000o\000d\000y\000\040\000a\000\040\000n\000e\000v\000\375\000h\000o\000d\000y}{section.2.1}% 6
\BOOKMARK [2][-]{subsection.2.1.4}{\376\377\000Z\000h\000o\000d\000n\000o\000c\000e\000n\000\355\000\040\000a\000\040\000p\001\131\000e\000v\000z\000a\000t\000\351\000\040\000v\000l\000a\000s\000t\000n\000o\000s\000t\000i}{section.2.1}% 7
\BOOKMARK [1][-]{section.2.2}{\376\377\000E\000n\000t\000e\000r\000p\000r\000i\000s\000e\000\040\000A\000r\000c\000h\000i\000t\000e\000c\000t}{chapter.2}% 8
\BOOKMARK [2][-]{subsection.2.2.1}{\376\377\000P\000o\000p\000i\000s\000\040\000a\000p\000l\000i\000k\000a\000c\000e}{section.2.2}% 9
\BOOKMARK [2][-]{subsection.2.2.2}{\376\377\000V\000\375\000h\000o\000d\000y\000\040\000a\000\040\000n\000e\000v\000\375\000h\000o\000d\000y}{section.2.2}% 10
\BOOKMARK [2][-]{subsection.2.2.3}{\376\377\000Z\000h\000o\000d\000n\000o\000c\000e\000n\000\355\000\040\000a\000\040\000p\001\131\000e\000v\000z\000a\000t\000\351\000\040\000v\000l\000a\000s\000t\000n\000o\000s\000t\000i}{section.2.2}% 11
\BOOKMARK [1][-]{section.2.3}{\376\377\000Z\000h\000o\000d\000n\000o\000c\000e\000n\000\355\000\040\000k\000o\000n\000k\000u\000r\000e\000n\000t\000n\000\355\000c\000h\000\040\000n\000\341\000s\000t\000r\000o\000j\001\157}{chapter.2}% 12
\BOOKMARK [0][-]{chapter.3}{\376\377\000G\000r\000a\000f\000y\000\040\000p\000r\000o\000\040\000p\000o\000p\000i\000s\000\040\001\015\000\341\000s\000t\000\355}{}% 13
\BOOKMARK [1][-]{section.3.1}{\376\377\000O\000b\000j\000e\000k\000t\000o\000v\001\033\000\040\000o\000r\000i\000e\000n\000t\000o\000v\000a\000n\000\351\000\040\000p\000r\000o\000g\000r\000a\000m\000o\000v\000\341\000n\000\355}{chapter.3}% 14
\BOOKMARK [2][-]{subsection.3.1.1}{\376\377\001\015\000\341\000s\000t\000i\000\040\000o\000b\000j\001\033\000k\000t\000o\000v\001\033\000\040\000o\000r\000i\000e\000n\000t\000o\000v\000a\000n\000\351\000h\000o\000\040\000p\000r\000o\000g\000r\000a\000m\000o\000v\000\341\000n\000\355}{section.3.1}% 15
\BOOKMARK [2][-]{subsection.3.1.2}{\376\377\000O\000b\000j\000e\000k\000t}{section.3.1}% 16
\BOOKMARK [2][-]{subsection.3.1.3}{\376\377\000I\000n\000s\000t\000a\000n\000c\000i\000a\000c\000e\000,\000\040\000t\001\131\000\355\000d\000y}{section.3.1}% 17
\BOOKMARK [2][-]{subsection.3.1.4}{\376\377\000D\001\033\000d\000i\001\015\000n\000o\000s\000t}{section.3.1}% 18
\BOOKMARK [1][-]{section.3.2}{\376\377\000D\000i\000a\000g\000r\000a\000m\000\040\000p\001\131\000\355\000p\000a\000d\001\157\000\040\000u\001\176\000i\000t\000\355}{chapter.3}% 19
\BOOKMARK [2][-]{subsection.3.2.1}{\376\377\000R\000o\000z\000b\000o\000r\000\040\000D\000i\000a\000g\000r\000a\000m\000u\000\040\000p\001\131\000i\000p\000a\000d\001\157\000\040\000u\001\176\000i\000t\000\355}{section.3.2}% 20
\BOOKMARK [2][-]{subsection.3.2.2}{\376\377\000P\000o\000u\001\176\000i\000t\000\351\000\040\000v\000l\000a\000s\000t\000n\000o\000s\000t\000i}{section.3.2}% 21
\BOOKMARK [1][-]{section.3.3}{\376\377\000D\000i\000a\000g\000r\000a\000m\000\040\000t\001\131\000\355\000d}{chapter.3}% 22
\BOOKMARK [2][-]{subsection.3.3.1}{\376\377\000P\000r\000v\000k\000y\000\040\000D\000i\000a\000g\000r\000a\000m\000u\000\040\000t\001\131\000\355\000d}{section.3.3}% 23
\BOOKMARK [2][-]{subsection.3.3.2}{\376\377\000P\000o\000u\001\176\000i\000t\000\351\000\040\000a\000\040\000u\000p\000r\000a\000v\000e\000n\000\351\000\040\001\015\000\341\000s\000t\000i\000\040\000z\000\040\000D\000i\000a\000g\000r\000a\000m\000u\000\040\000t\001\131\000\355\000d}{section.3.3}% 24
\BOOKMARK [1][-]{section.3.4}{\376\377\000O\000b\000j\000e\000k\000t\000o\000v\001\033\000\040\000o\000r\000i\000e\000n\000t\000o\000v\000a\000n\000\351\000\040\000P\000e\000t\000r\000i\000h\000o\000\040\000s\000\355\000t\001\033}{chapter.3}% 25
\BOOKMARK [2][-]{subsection.3.4.1}{\376\377\000P\000e\000t\000r\000i\000h\000o\000\040\000s\000\355\000t\001\033}{section.3.4}% 26
\BOOKMARK [2][-]{subsection.3.4.2}{\376\377\000O\000b\000j\000e\000k\000t\000o\000v\001\033\000\040\000o\000r\000i\000e\000n\000t\000o\000v\000a\000n\000\351\000\040\000P\000e\000t\000r\000i\000h\000o\000\040\000s\000\355\000t\001\033}{section.3.4}% 27
\BOOKMARK [2][-]{subsection.3.4.3}{\376\377\000G\000r\000a\000f\000i\000c\000k\000\351\000\040\000z\000n\000\341\000z\000o\000r\000n\001\033\000n\000\355}{section.3.4}% 28
\BOOKMARK [1][-]{section.3.5}{\376\377\000S\000p\000o\000j\000e\000n\000\355\000\040\000d\000i\000a\000g\000r\000a\000m\001\157}{chapter.3}% 29
\BOOKMARK [2][-]{subsection.3.5.1}{\376\377\000P\000o\000u\001\176\000i\000t\000\355\000\040\000v\000e\000\040\000v\000\375\000s\000l\000e\000d\000n\000\351\000\040\000a\000p\000l\000i\000k\000a\000c\000i}{section.3.5}% 30
\BOOKMARK [1][-]{section.3.6}{\376\377\000S\000h\000r\000n\000u\000t\000\355}{chapter.3}% 31
\BOOKMARK [0][-]{chapter.4}{\376\377\000S\000a\000m\000o\000s\000t\000a\000t\000n\000\341\000\040\000a\000p\000l\000i\000k\000a\000c\000e}{}% 32
\BOOKMARK [1][-]{section.4.1}{\376\377\000P\000o\000p\000i\000s\000\040\000a\000p\000l\000i\000k\000a\000c\000e}{chapter.4}% 33
\BOOKMARK [1][-]{section.4.2}{\376\377\000O\000v\000l\000\341\000d\000a\000c\000\355\000\040\000p\000r\000v\000k\000y}{chapter.4}% 34
\BOOKMARK [1][-]{section.4.3}{\376\377\000J\000e\000d\000n\000o\000t\000l\000i\000v\000\351\000\040\000e\000d\000i\000t\000o\000r\000y}{chapter.4}% 35
\BOOKMARK [2][-]{subsection.4.3.1}{\376\377\000E\000d\000i\000t\000o\000r\000\040\000p\001\131\000\355\000p\000a\000d\001\157\000\040\000u\001\176\000i\000t\000\355}{section.4.3}% 36
\BOOKMARK [2][-]{subsection.4.3.2}{\376\377\000E\000d\000i\000t\000o\000r\000\040\000D\000i\000a\000g\000r\000a\000m\000u\000\040\000t\001\131\000\355\000d}{section.4.3}% 37
\BOOKMARK [2][-]{subsection.4.3.3}{\376\377\000E\000d\000i\000t\000o\000r\000\040\000o\000b\000j\000e\000k\000t\000o\000v\001\033\000\040\000o\000r\000i\000e\000n\000t\000o\000v\000a\000n\000\375\000c\000h\000\040\000P\000e\000t\000r\000i\000h\000o\000\040\000s\000\355\000t\000\355}{section.4.3}% 38
\BOOKMARK [2][-]{subsection.4.3.4}{\376\377\000P\000r\000o\000v\000\341\000z\000\341\000n\000\355\000\040\000j\000e\000d\000n\000o\000t\000l\000i\000v\000\375\000c\000h\000\040\001\015\000\341\000s\000t\000\355}{section.4.3}% 39
\BOOKMARK [0][-]{chapter.5}{\376\377\000R\000o\000z\001\141\000\355\001\131\000e\000n\000\351\000\040\000m\000o\001\176\000n\000o\000s\000t\000i\000\040\000n\000\341\000s\000t\000r\000o\000j\000e}{}% 40
\BOOKMARK [1][-]{section.5.1}{\376\377\000E\000x\000p\000o\000r\000t\000\040\000d\000i\000a\000g\000r\000a\000m\001\157}{chapter.5}% 41
\BOOKMARK [1][-]{section.5.2}{\376\377\000G\000r\000a\000f\000i\000c\000k\000\351\000\040\000p\000r\000v\000k\000y}{chapter.5}% 42
\BOOKMARK [2][-]{subsection.5.2.1}{\376\377\000D\000e\000t\000e\000k\000c\000e\000\040\000o\000b\000j\000e\000k\000t\000u\000\040\000p\000o\000d\000\040\000k\000u\000r\000z\000o\000r\000e\000m}{section.5.2}% 43
\BOOKMARK [2][-]{subsection.5.2.2}{\376\377\000V\000\375\000p\000o\001\015\000e\000t\000\040\000v\000z\000d\000\341\000l\000e\000n\000o\000s\000t\000i\000\040\000h\000r\000a\000n\000y\000\040\000o\000d\000\040\000b\000o\000d\000u}{section.5.2}% 44
\BOOKMARK [0][-]{chapter.6}{\376\377\000P\000o\000u\001\176\000i\000t\000\351\000\040\000k\000n\000i\000h\000o\000v\000n\000y\000\040\000a\000\040\000i\000k\000o\000n\000y}{}% 45
\BOOKMARK [1][-]{section.6.1}{\376\377\000X\000M\000L\000\040\000e\000x\000p\000o\000r\000t}{chapter.6}% 46
\BOOKMARK [1][-]{section.6.2}{\376\377\000P\000o\000s\000t\000S\000c\000r\000i\000p\000t\000\040\000e\000x\000p\000o\000r\000t}{chapter.6}% 47
\BOOKMARK [1][-]{section.6.3}{\376\377\000P\000o\000u\001\176\000i\000t\000\351\000\040\000i\000k\000o\000n\000y}{chapter.6}% 48
\BOOKMARK [0][-]{chapter.7}{\376\377\000T\000e\000s\000t\000y\000\040\000a\000\040\000j\000e\000j\000i\000c\000h\000\040\000v\000\375\000s\000l\000e\000d\000k\000y}{}% 49
\BOOKMARK [1][-]{section.7.1}{\376\377\000N\000e\000z\000k\000u\001\141\000e\000n\000\375\000\040\000u\001\176\000i\000v\000a\000t\000e\000l}{chapter.7}% 50
\BOOKMARK [2][-]{subsection.7.1.1}{\376\377\000P\000r\001\157\000b\001\033\000h\000\040\000p\001\131\000e\000d\000s\000t\000a\000v\000e\000n\000\355}{section.7.1}% 51
\BOOKMARK [1][-]{section.7.2}{\376\377\000Z\000k\000u\001\141\000e\000n\001\033\000j\001\141\000\355\000\040\000u\001\176\000i\000v\000a\000t\000e\000l}{chapter.7}% 52
\BOOKMARK [2][-]{subsection.7.2.1}{\376\377\000P\000r\001\157\000b\001\033\000h\000\040\000a\000\040\000v\000\375\000s\000l\000e\000d\000k\000y\000\040\000u\001\176\000i\000v\000a\000t\000e\000l\000s\000k\000\351\000\040\000p\000r\000\341\000c\000e}{section.7.2}% 53
\BOOKMARK [1][-]{section.7.3}{\376\377\000P\000r\000o\000g\000r\000a\000m\000\341\000t\000o\000r}{chapter.7}% 54
\BOOKMARK [2][-]{subsection.7.3.1}{\376\377\000P\000r\001\157\000b\001\033\000h\000\040\000t\000e\000s\000t\000o\000v\000\341\000n\000\355}{section.7.3}% 55
\BOOKMARK [2][-]{subsection.7.3.2}{\376\377\000V\000y\000h\000o\000d\000n\000o\000c\000e\000n\000\355\000\040\000r\000o\000g\000r\000a\000m\000\341\000t\000o\000r\000o\000v\000y\000\040\000p\000r\000\341\000c\000e}{section.7.3}% 56
\BOOKMARK [1][-]{section.7.4}{\376\377\000V\000\375\000s\000l\000e\000d\000k\000y\000\040\000t\000e\000s\000t\000o\000v\000\341\000n\000\355}{chapter.7}% 57
\BOOKMARK [0][-]{chapter.8}{\376\377\000Z\000\341\000v\001\033\000r}{}% 58
\BOOKMARK [1][-]{section.8.1}{\376\377\000B\000u\000d\000o\000u\000c\000n\000o\000s\000t\000\040\000a\000p\000l\000i\000k\000a\000c\000e}{chapter.8}% 59
\BOOKMARK [2][-]{subsection.8.1.1}{\376\377\000N\000a\000v\000r\000h\000o\000v\000a\000n\000\341\000\040\000r\000o\000z\001\141\000\355\001\131\000e\000n\000\355}{section.8.1}% 60
\BOOKMARK [2][-]{subsection.8.1.2}{\376\377\000S\000h\000r\000n\000u\000t\000\355\000\040\000r\000o\000z\001\141\000\355\001\131\000e\000n\000\355}{section.8.1}% 61
\BOOKMARK [1][-]{section.8.2}{\376\377\000Z\000\341\000v\001\033\000r\000e\001\015\000n\000\351\000\040\000z\000h\000o\000d\000n\000o\000c\000e\000n\000\355\000\040\000a\000p\000l\000i\000k\000a\000c\000e}{chapter.8}% 62
\BOOKMARK [0][-]{appendix.A}{\376\377\000O\000b\000s\000a\000h\000\040\000C\000D}{}% 63
