This is pdfTeX, Version 3.1415926-2.6-1.40.14 (TeX Live 2014/dev) (format=pdflatex 2014.3.25)  6 MAY 2014 05:30
entering extended mode
 restricted \write18 enabled.
 %&-line parsing enabled.
**bachelorsThesis
(./bachelorsThesis.tex
LaTeX2e <2011/06/27>
Babel <3.9h> and hyphenation patterns for 22 languages loaded.
(./fitthesis.cls
Document Class: fitthesis 2007/04/13 Sablona pro BP/DP
(/usr/share/texlive/texmf-dist/tex/latex/base/report.cls
Document Class: report 2007/10/19 v1.4h Standard LaTeX document class
(/usr/share/texlive/texmf-dist/tex/latex/base/size11.clo
File: size11.clo 2007/10/19 v1.4h Standard LaTeX file (size option)
)
\c@part=\count79
\c@chapter=\count80
\c@section=\count81
\c@subsection=\count82
\c@subsubsection=\count83
\c@paragraph=\count84
\c@subparagraph=\count85
\c@figure=\count86
\c@table=\count87
\abovecaptionskip=\skip41
\belowcaptionskip=\skip42
\bibindent=\dimen102
)
(/usr/share/texlive/texmf-dist/tex/latex/amsmath/amsmath.sty
Package: amsmath 2013/01/14 v2.14 AMS math features
\@mathmargin=\skip43

For additional information on amsmath, use the `?' option.
(/usr/share/texlive/texmf-dist/tex/latex/amsmath/amstext.sty
Package: amstext 2000/06/29 v2.01

(/usr/share/texlive/texmf-dist/tex/latex/amsmath/amsgen.sty
File: amsgen.sty 1999/11/30 v2.0
\@emptytoks=\toks14
\ex@=\dimen103
))
(/usr/share/texlive/texmf-dist/tex/latex/amsmath/amsbsy.sty
Package: amsbsy 1999/11/29 v1.2d
\pmbraise@=\dimen104
)
(/usr/share/texlive/texmf-dist/tex/latex/amsmath/amsopn.sty
Package: amsopn 1999/12/14 v2.01 operator names
)
\inf@bad=\count88
LaTeX Info: Redefining \frac on input line 210.
\uproot@=\count89
\leftroot@=\count90
LaTeX Info: Redefining \overline on input line 306.
\classnum@=\count91
\DOTSCASE@=\count92
LaTeX Info: Redefining \ldots on input line 378.
LaTeX Info: Redefining \dots on input line 381.
LaTeX Info: Redefining \cdots on input line 466.
\Mathstrutbox@=\box26
\strutbox@=\box27
\big@size=\dimen105
LaTeX Font Info:    Redeclaring font encoding OML on input line 566.
LaTeX Font Info:    Redeclaring font encoding OMS on input line 567.
\macc@depth=\count93
\c@MaxMatrixCols=\count94
\dotsspace@=\muskip10
\c@parentequation=\count95
\dspbrk@lvl=\count96
\tag@help=\toks15
\row@=\count97
\column@=\count98
\maxfields@=\count99
\andhelp@=\toks16
\eqnshift@=\dimen106
\alignsep@=\dimen107
\tagshift@=\dimen108
\tagwidth@=\dimen109
\totwidth@=\dimen110
\lineht@=\dimen111
\@envbody=\toks17
\multlinegap=\skip44
\multlinetaggap=\skip45
\mathdisplay@stack=\toks18
LaTeX Info: Redefining \[ on input line 2665.
LaTeX Info: Redefining \] on input line 2666.
)
(/usr/share/texlive/texmf-dist/tex/latex/amsfonts/amssymb.sty
Package: amssymb 2013/01/14 v3.01 AMS font symbols

(/usr/share/texlive/texmf-dist/tex/latex/amsfonts/amsfonts.sty
Package: amsfonts 2013/01/14 v3.01 Basic AMSFonts support
\symAMSa=\mathgroup4
\symAMSb=\mathgroup5
LaTeX Font Info:    Overwriting math alphabet `\mathfrak' in version `bold'
(Font)                  U/euf/m/n --> U/euf/b/n on input line 106.
))
(/usr/share/texlive/texmf-dist/tex/generic/babel/babel.sty
Package: babel 2013/12/03 3.9h The Babel package

(/usr/share/texlive/texmf-dist/tex/generic/babel-czech/czech.ldf
Language: czech 2008/07/06 v3.1a Czech support from the babel system

(/usr/share/texlive/texmf-dist/tex/generic/babel/babel.def
File: babel.def 2013/12/03 3.9h Babel common definitions
\babel@savecnt=\count100
\U@D=\dimen112
)
Package babel Info: Making " an active character on input line 172.
\cs@wordlen=\count101
Package babel Info: Making - an active character on input line 226.
)
(/usr/share/texlive/texmf-dist/tex/generic/babel-english/english.ldf
Language: english 2012/08/20 v3.3p English support from the babel system
\l@canadian = a dialect from \language\l@american 
\l@australian = a dialect from \language\l@british 
\l@newzealand = a dialect from \language\l@british 
))
(/usr/share/texlive/texmf-dist/tex/latex/base/inputenc.sty
Package: inputenc 2008/03/30 v1.1d Input encoding file
\inpenc@prehook=\toks19
\inpenc@posthook=\toks20

(/usr/share/texlive/texmf-dist/tex/latex/base/latin2.def
File: latin2.def 2008/03/30 v1.1d Input encoding file
))
(/usr/share/texlive/texmf-dist/tex/latex/graphics/graphicx.sty
Package: graphicx 1999/02/16 v1.0f Enhanced LaTeX Graphics (DPC,SPQR)

(/usr/share/texlive/texmf-dist/tex/latex/graphics/keyval.sty
Package: keyval 1999/03/16 v1.13 key=value parser (DPC)
\KV@toks@=\toks21
)
(/usr/share/texlive/texmf-dist/tex/latex/graphics/graphics.sty
Package: graphics 2009/02/05 v1.0o Standard LaTeX Graphics (DPC,SPQR)

(/usr/share/texlive/texmf-dist/tex/latex/graphics/trig.sty
Package: trig 1999/03/16 v1.09 sin cos tan (DPC)
)
(/usr/share/texlive/texmf-dist/tex/latex/latexconfig/graphics.cfg
File: graphics.cfg 2010/04/23 v1.9 graphics configuration of TeX Live
)
Package graphics Info: Driver file: pdftex.def on input line 91.

(/usr/share/texlive/texmf-dist/tex/latex/pdftex-def/pdftex.def
File: pdftex.def 2011/05/27 v0.06d Graphics/color for pdfTeX

(/usr/share/texlive/texmf-dist/tex/generic/oberdiek/infwarerr.sty
Package: infwarerr 2010/04/08 v1.3 Providing info/warning/error messages (HO)
)
(/usr/share/texlive/texmf-dist/tex/generic/oberdiek/ltxcmds.sty
Package: ltxcmds 2011/11/09 v1.22 LaTeX kernel commands for general use (HO)
)
\Gread@gobject=\count102
))
\Gin@req@height=\dimen113
\Gin@req@width=\dimen114
)
\mkspc=\skip46
)
(/usr/share/texlive/texmf-dist/tex/latex/base/fontenc.sty
Package: fontenc 2005/09/27 v1.99g Standard LaTeX package

(/usr/share/texlive/texmf-dist/tex/latex/base/t1enc.def
File: t1enc.def 2005/09/27 v1.99g Standard LaTeX file
LaTeX Font Info:    Redeclaring font encoding T1 on input line 43.
)
(/usr/share/texlive/texmf-dist/tex/cslatex/base/il2enc.def
File: il2enc.def 1997/08/20 CSLaTeX
)
LaTeX Font Info:    Try loading font information for IL2+cmr on input line 100.


(/usr/share/texlive/texmf-dist/tex/cslatex/base/il2cmr.fd
File: il2cmr.fd 1997/02/06 CSLaTeX font definitions
))
(/usr/share/texlive/texmf-dist/tex/latex/url/url.sty
\Urlmuskip=\muskip11
Package: url 2006/04/12  ver 3.3  Verb mode for urls, etc.
) (./bachelorsThesis.aux)
\openout1 = `bachelorsThesis.aux'.

LaTeX Font Info:    Checking defaults for OML/cmm/m/it on input line 121.
LaTeX Font Info:    ... okay on input line 121.
LaTeX Font Info:    Checking defaults for T1/cmr/m/n on input line 121.
LaTeX Font Info:    ... okay on input line 121.
LaTeX Font Info:    Checking defaults for OT1/cmr/m/n on input line 121.
LaTeX Font Info:    ... okay on input line 121.
LaTeX Font Info:    Checking defaults for OMS/cmsy/m/n on input line 121.
LaTeX Font Info:    ... okay on input line 121.
LaTeX Font Info:    Checking defaults for OMX/cmex/m/n on input line 121.
LaTeX Font Info:    ... okay on input line 121.
LaTeX Font Info:    Checking defaults for U/cmr/m/n on input line 121.
LaTeX Font Info:    ... okay on input line 121.
LaTeX Font Info:    Checking defaults for IL2/cmr/m/n on input line 121.
LaTeX Font Info:    ... okay on input line 121.

(/usr/share/texlive/texmf-dist/tex/context/base/supp-pdf.mkii
[Loading MPS to PDF converter (version 2006.09.02).]
\scratchcounter=\count103
\scratchdimen=\dimen115
\scratchbox=\box28
\nofMPsegments=\count104
\nofMParguments=\count105
\everyMPshowfont=\toks22
\MPscratchCnt=\count106
\MPscratchDim=\dimen116
\MPnumerator=\count107
\makeMPintoPDFobject=\count108
\everyMPtoPDFconversion=\toks23
) (/usr/share/texlive/texmf-dist/tex/generic/oberdiek/pdftexcmds.sty
Package: pdftexcmds 2011/11/29 v0.20 Utility functions of pdfTeX for LuaTeX (HO
)

(/usr/share/texlive/texmf-dist/tex/generic/oberdiek/ifluatex.sty
Package: ifluatex 2010/03/01 v1.3 Provides the ifluatex switch (HO)
Package ifluatex Info: LuaTeX not detected.
)
(/usr/share/texlive/texmf-dist/tex/generic/oberdiek/ifpdf.sty
Package: ifpdf 2011/01/30 v2.3 Provides the ifpdf switch (HO)
Package ifpdf Info: pdfTeX in PDF mode is detected.
)
Package pdftexcmds Info: LuaTeX not detected.
Package pdftexcmds Info: \pdf@primitive is available.
Package pdftexcmds Info: \pdf@ifprimitive is available.
Package pdftexcmds Info: \pdfdraftmode found.
)
(/usr/share/texlive/texmf-dist/tex/latex/oberdiek/epstopdf-base.sty
Package: epstopdf-base 2010/02/09 v2.5 Base part for package epstopdf

(/usr/share/texlive/texmf-dist/tex/latex/oberdiek/grfext.sty
Package: grfext 2010/08/19 v1.1 Manage graphics extensions (HO)

(/usr/share/texlive/texmf-dist/tex/generic/oberdiek/kvdefinekeys.sty
Package: kvdefinekeys 2011/04/07 v1.3 Define keys (HO)
))
(/usr/share/texlive/texmf-dist/tex/latex/oberdiek/kvoptions.sty
Package: kvoptions 2011/06/30 v3.11 Key value format for package options (HO)

(/usr/share/texlive/texmf-dist/tex/generic/oberdiek/kvsetkeys.sty
Package: kvsetkeys 2012/04/25 v1.16 Key value parser (HO)

(/usr/share/texlive/texmf-dist/tex/generic/oberdiek/etexcmds.sty
Package: etexcmds 2011/02/16 v1.5 Avoid name clashes with e-TeX commands (HO)
Package etexcmds Info: Could not find \expanded.
(etexcmds)             That can mean that you are not using pdfTeX 1.50 or
(etexcmds)             that some package has redefined \expanded.
(etexcmds)             In the latter case, load this package earlier.
)))
Package grfext Info: Graphics extension search list:
(grfext)             [.png,.pdf,.jpg,.mps,.jpeg,.jbig2,.jb2,.PNG,.PDF,.JPG,.JPE
G,.JBIG2,.JB2,.eps]
(grfext)             \AppendGraphicsExtensions on input line 452.

(/usr/share/texlive/texmf-dist/tex/latex/latexconfig/epstopdf-sys.cfg
File: epstopdf-sys.cfg 2010/07/13 v1.3 Configuration of (r)epstopdf for TeX Liv
e
))
LaTeX Font Info:    Try loading font information for IL2+phv on input line 124.


(/usr/share/texlive/texmf-dist/tex/cslatex/cspsfonts/il2phv.fd
File: il2phv.fd 1998/01/31 CS Helvetica
LaTeX Font Info:     CS Helvetica on input line 2.
LaTeX Font Info:    (C) Z. Wagner,1998/01/31 on input line 3.
LaTeX Font Info:    Created by CsPsFont utility v.1.0e (C) Z. Wagner, 1998/01/3
1 on input line 4.
)
Overfull \hbox (15.47694pt too wide) in paragraph at lines 124--124
\IL2/phv/m/n/18 NÁSTROJ PRO POD-PORU VÝ-VOJE SOFT-WA-RO-VÝCH
 []

[1

{/usr/share/texlive/texmf-dist/fonts/map/pdftex/updmap/pdftex.map}]
\@obrlogo=\box29
\@rtext=\box30
\@vyskartext=\skip47
\@vyskaobr=\skip48

<fig/vut-zp2.pdf, id=7, 109.40875pt x 109.40875pt>
File: fig/vut-zp2.pdf Graphic file (type pdf)
 <use fig/vut-zp2.pdf>
Package pdftex.def Info: fig/vut-zp2.pdf used on input line 124.
(pdftex.def)             Requested size: 99.58464pt x 99.58546pt.

Overfull \hbox (109.58464pt too wide) in paragraph at lines 124--124
[][] 
 []

<fig/fit-zp2.pdf, id=8, 120.45pt x 120.45pt>
File: fig/fit-zp2.pdf Graphic file (type pdf)
 <use fig/fit-zp2.pdf>
Package pdftex.def Info: fig/fit-zp2.pdf used on input line 124.
(pdftex.def)             Requested size: 99.58464pt x 99.5875pt.

Overfull \hbox (109.58464pt too wide) in paragraph at lines 124--124
[][] 
 []


Overfull \hbox (15.47694pt too wide) in paragraph at lines 124--124
\IL2/phv/m/n/18 NÁSTROJ PRO POD-PORU VÝ-VOJE SOFT-WA-RO-VÝCH
 []

[2 <./fig/vut-zp2.pdf> <./fig/fit-zp2.pdf>]

LaTeX Font Warning: Font shape `IL2/cmr/m/n' in size <16> not available
(Font)              size <17.28> substituted on input line 124.


LaTeX Font Warning: Font shape `IL2/cmr/bx/n' in size <16> not available
(Font)              size <17.28> substituted on input line 124.

[3]

LaTeX Font Warning: Font shape `IL2/cmr/m/n' in size <18> not available
(Font)              size <17.28> substituted on input line 124.


LaTeX Font Warning: Font shape `IL2/cmr/bx/n' in size <18> not available
(Font)              size <17.28> substituted on input line 124.

LaTeX Font Info:    Try loading font information for OMS+cmr on input line 124.

(/usr/share/texlive/texmf-dist/tex/latex/base/omscmr.fd
File: omscmr.fd 1999/05/25 v2.5h Standard LaTeX font definitions
)
LaTeX Font Info:    Font shape `OMS/cmr/m/n' in size <10.95> not available
(Font)              Font shape `OMS/cmsy/m/n' tried instead on input line 124.
 [4]
(./bachelorsThesis.toc
LaTeX Font Info:    Try loading font information for U+msa on input line 4.

(/usr/share/texlive/texmf-dist/tex/latex/amsfonts/umsa.fd
File: umsa.fd 2013/01/14 v3.01 AMS symbols A
)
LaTeX Font Info:    Try loading font information for U+msb on input line 4.

(/usr/share/texlive/texmf-dist/tex/latex/amsfonts/umsb.fd
File: umsb.fd 2013/01/14 v3.01 AMS symbols B
) [1


])
\tf@toc=\write3
\openout3 = `bachelorsThesis.toc'.

 (./obsah.tex
[2]
Kapitola 1.
[3

]
Kapitola 2.
LaTeX Font Info:    Try loading font information for IL2+cmtt on input line 48.

(/usr/share/texlive/texmf-dist/tex/cslatex/base/il2cmtt.fd
File: il2cmtt.fd 1997/08/20 CSLaTeX font definitions
) [4

] [5] [6]
Overfull \hbox (38.9106pt too wide) in paragraph at lines 189--193
\IL2/cmtt/m/n/10.95 ActionScript, C, C#, C++, Delphi, Java, PHP, Python, VBNet,
 Visual Basic, WorkFlow
 []

[7] [8]
Kapitola 3.
[9

] [10]
Package epstopdf Info: Source file: <fig/UseCase.eps>
(epstopdf)                    date: 2014-05-05 04:10:19
(epstopdf)                    size: 65794 bytes
(epstopdf)             Output file: <fig/UseCase-eps-converted-to.pdf>
(epstopdf)                    date: 2014-05-05 04:10:53
(epstopdf)                    size: 12986 bytes
(epstopdf)             Command: <repstopdf --outfile=fig/UseCase-eps-converted-
to.pdf fig/UseCase.eps>
(epstopdf)             \includegraphics on input line 371.
Package epstopdf Info: Output file is already uptodate.
 <fig/UseCase-eps-converted-to.pdf, id=65, 501.875pt x 803.0pt>
File: fig/UseCase-eps-converted-to.pdf Graphic file (type pdf)

<use fig/UseCase-eps-converted-to.pdf>
Package pdftex.def Info: fig/UseCase-eps-converted-to.pdf used on input line 37
1.
(pdftex.def)             Requested size: 250.93687pt x 188.10387pt.
 [11 <./fig/UseCase-eps-converted-to.pdf>] [12]
Package epstopdf Info: Source file: <fig/ClassDiagram.eps>
(epstopdf)                    date: 2014-05-05 04:03:11
(epstopdf)                    size: 190099 bytes
(epstopdf)             Output file: <fig/ClassDiagram-eps-converted-to.pdf>
(epstopdf)                    date: 2014-05-05 04:04:21
(epstopdf)                    size: 30790 bytes
(epstopdf)             Command: <repstopdf --outfile=fig/ClassDiagram-eps-conve
rted-to.pdf fig/ClassDiagram.eps>
(epstopdf)             \includegraphics on input line 480.
Package epstopdf Info: Output file is already uptodate.
 <fig/ClassDiagram-eps-converted-to.pdf, id=76, 501.875pt x 803.0pt>
File: fig/ClassDiagram-eps-converted-to.pdf Graphic file (type pdf)

<use fig/ClassDiagram-eps-converted-to.pdf>
Package pdftex.def Info: fig/ClassDiagram-eps-converted-to.pdf used on input li
ne 480.
(pdftex.def)             Requested size: 250.93687pt x 188.10387pt.
 [13 <./fig/ClassDiagram-eps-converted-to.pdf>] [14]

LaTeX Warning: No positions in optional float specifier.
               Default added (so using `tbp') on input line 629.

Package epstopdf Info: Source file: <fig/petriNet.eps>
(epstopdf)                    date: 2014-05-06 05:18:58
(epstopdf)                    size: 97989 bytes
(epstopdf)             Output file: <fig/petriNet-eps-converted-to.pdf>
(epstopdf)                    date: 2014-05-06 05:22:06
(epstopdf)                    size: 17460 bytes
(epstopdf)             Command: <repstopdf --outfile=fig/petriNet-eps-converted
-to.pdf fig/petriNet.eps>
(epstopdf)             \includegraphics on input line 632.
Package epstopdf Info: Output file is already uptodate.
<fig/petriNet-eps-converted-to.pdf, id=91, 501.875pt x 803.0pt>
File: fig/petriNet-eps-converted-to.pdf Graphic file (type pdf)

<use fig/petriNet-eps-converted-to.pdf>
Package pdftex.def Info: fig/petriNet-eps-converted-to.pdf used on input line 6
32.
(pdftex.def)             Requested size: 250.93687pt x 188.10387pt.
 [15]
Package epstopdf Info: Source file: <fig/UseCasePropoj.eps>
(epstopdf)                    date: 2014-05-05 05:21:01
(epstopdf)                    size: 53024 bytes
(epstopdf)             Output file: <fig/UseCasePropoj-eps-converted-to.pdf>
(epstopdf)                    date: 2014-05-05 05:22:10
(epstopdf)                    size: 10907 bytes
(epstopdf)             Command: <repstopdf --outfile=fig/UseCasePropoj-eps-conv
erted-to.pdf fig/UseCasePropoj.eps>
(epstopdf)             \includegraphics on input line 652.
Package epstopdf Info: Output file is already uptodate.

<fig/UseCasePropoj-eps-converted-to.pdf, id=98, 501.875pt x 803.0pt>
File: fig/UseCasePropoj-eps-converted-to.pdf Graphic file (type pdf)

<use fig/UseCasePropoj-eps-converted-to.pdf>
Package pdftex.def Info: fig/UseCasePropoj-eps-converted-to.pdf used on input l
ine 652.
(pdftex.def)             Requested size: 250.93687pt x 116.97215pt.
 [16 <./fig/petriNet-eps-converted-to.pdf> <./fig/UseCasePropoj-eps-converted-t
o.pdf>]
Package epstopdf Info: Source file: <fig/ClassDiagramPropoj.eps>
(epstopdf)                    date: 2014-05-05 05:21:01
(epstopdf)                    size: 160127 bytes
(epstopdf)             Output file: <fig/ClassDiagramPropoj-eps-converted-to.pd
f>
(epstopdf)                    date: 2014-05-05 05:22:11
(epstopdf)                    size: 27514 bytes
(epstopdf)             Command: <repstopdf --outfile=fig/ClassDiagramPropoj-eps
-converted-to.pdf fig/ClassDiagramPropoj.eps>
(epstopdf)             \includegraphics on input line 679.
Package epstopdf Info: Output file is already uptodate.

<fig/ClassDiagramPropoj-eps-converted-to.pdf, id=109, 501.875pt x 803.0pt>
File: fig/ClassDiagramPropoj-eps-converted-to.pdf Graphic file (type pdf)

<use fig/ClassDiagramPropoj-eps-converted-to.pdf>
Package pdftex.def Info: fig/ClassDiagramPropoj-eps-converted-to.pdf used on in
put line 679.
(pdftex.def)             Requested size: 250.93687pt x 188.10387pt.
Package epstopdf Info: Source file: <fig/petriNet_makeActionMethodaPropoj.eps>
(epstopdf)                    date: 2014-05-05 05:14:09
(epstopdf)                    size: 76963 bytes
(epstopdf)             Output file: <fig/petriNet_makeActionMethodaPropoj-eps-c
onverted-to.pdf>
(epstopdf)                    date: 2014-05-05 05:17:49
(epstopdf)                    size: 14845 bytes
(epstopdf)             Command: <repstopdf --outfile=fig/petriNet_makeActionMet
hodaPropoj-eps-converted-to.pdf fig/petriNet_makeActionMethodaPropoj.eps>
(epstopdf)             \includegraphics on input line 699.
Package epstopdf Info: Output file is already uptodate.

<fig/petriNet_makeActionMethodaPropoj-eps-converted-to.pdf, id=111, 501.875pt x
 803.0pt>
File: fig/petriNet_makeActionMethodaPropoj-eps-converted-to.pdf Graphic file (t
ype pdf)
 <use fig/petriNet_makeActionMethodaPropoj-eps-converted-to.pdf>
Package pdftex.def Info: fig/petriNet_makeActionMethodaPropoj-eps-converted-to.
pdf used on input line 699.
(pdftex.def)             Requested size: 250.93687pt x 116.97215pt.

[17 <./fig/ClassDiagramPropoj-eps-converted-to.pdf> <./fig/petriNet_makeActionM
ethodaPropoj-eps-converted-to.pdf>] [18]
Kapitola 4.
[19

] [20] [21] [22]
Kapitola 5.

Overfull \hbox (3.91391pt too wide) in paragraph at lines 938--941
\IL2/cmr/m/n/10.95 Pøi vý-voji apli-kace bylo hledìno na nìk-teré mo¾-nosti roz
¹íøení cel-kové apli-kace. Tyto roz¹íøení
 []

[23

] [24] [25]
Kapitola 6.
[26

] [27]
Kapitola 7.
[28

]
Kapitola 8.
[29

] [30]
Kapitola 9.
) (./bachelorsThesis.bbl [31

]) (./prilohy.tex [32

]
P\v {r}\'{\i }loha A.
) [33

] (./bachelorsThesis.aux)

LaTeX Font Warning: Size substitutions with differences
(Font)              up to 1.28pt have occurred.

 ) 
Here is how much of TeX's memory you used:
 3684 strings out of 494517
 48222 string characters out of 6168561
 111794 words of memory out of 5000000
 6818 multiletter control sequences out of 15000+600000
 27049 words of font info for 65 fonts, out of 8000000 for 9000
 324 hyphenation exceptions out of 8191
 37i,14n,28p,262b,250s stack positions out of 5000i,500n,10000p,200000b,80000s
{/usr/share/texlive/texmf-dist/fonts/enc/dvips/cs/xl2.enc}</usr/share/texlive
/texmf-dist/fonts/type1/public/amsfonts/cm/cmex10.pfb></usr/share/texlive/texmf
-dist/fonts/type1/public/amsfonts/cm/cmmi10.pfb></usr/share/texlive/texmf-dist/
fonts/type1/public/amsfonts/cm/cmmi8.pfb></usr/share/texlive/texmf-dist/fonts/t
ype1/public/amsfonts/cm/cmr10.pfb></usr/share/texlive/texmf-dist/fonts/type1/pu
blic/amsfonts/cm/cmr8.pfb></usr/share/texlive/texmf-dist/fonts/type1/public/ams
fonts/cm/cmsy10.pfb></usr/share/texlive/texmf-dist/fonts/type1/public/amsfonts/
cm/cmsy8.pfb></usr/share/texlive/texmf-dist/fonts/type1/public/cs/csbx10.pfb></
usr/share/texlive/texmf-dist/fonts/type1/public/cs/csbx12.pfb></usr/share/texli
ve/texmf-dist/fonts/type1/public/cs/csr10.pfb></usr/share/texlive/texmf-dist/fo
nts/type1/public/cs/csr6.pfb></usr/share/texlive/texmf-dist/fonts/type1/public/
cs/csr8.pfb></usr/share/texlive/texmf-dist/fonts/type1/public/cs/csr9.pfb></usr
/share/texlive/texmf-dist/fonts/type1/public/cs/csti10.pfb></usr/share/texlive/
texmf-dist/fonts/type1/public/cs/cstt10.pfb></usr/share/texlive/texmf-dist/font
s/type1/public/cs/cstt9.pfb></usr/share/texlive/texmf-dist/fonts/type1/public/a
msfonts/symbols/msbm10.pfb></usr/share/texlive/texmf-dist/fonts/type1/urw/helve
tic/uhvr8a.pfb>
Output written on bachelorsThesis.pdf (37 pages, 348566 bytes).
PDF statistics:
 235 PDF objects out of 1000 (max. 8388607)
 162 compressed objects within 2 object streams
 0 named destinations out of 1000 (max. 500000)
 77 words of extra memory for PDF output out of 10000 (max. 10000000)

